/data/home/zzk/workspace/zzk/Benchmark/projects/CFL/config.py
/data/home/zzk/workspace/zzk/Benchmark/projects/CFL/test_CFL.py
/data/home/zzk/workspace/zzk/Benchmark/projects/CFL/Models/CFL_StdConvs.py
/data/home/zzk/workspace/zzk/Benchmark/projects/CFL/Models/__init__.py
/data/home/zzk/workspace/zzk/Benchmark/projects/CFL/Models/CFL_EquiConvs.py
/data/home/zzk/workspace/zzk/Benchmark/projects/CFL/Models/network.py
/data/home/zzk/workspace/zzk/Benchmark/projects/CFL/Models/deform_conv_layer/test_deform_conv.py
/data/home/zzk/workspace/zzk/Benchmark/projects/CFL/Models/deform_conv_layer/__init__.py
/data/home/zzk/workspace/zzk/Benchmark/projects/CFL/Models/deform_conv_layer/deform_conv_op.py
/data/home/zzk/workspace/zzk/Benchmark/projects/CFL/Models/deform_conv_layer/deform_conv_test_mx.py
/data/home/zzk/workspace/zzk/Benchmark/projects/CFL/Models/deform_conv_layer/deform_conv_grad.py
Not in virtualenv
cuDNN not found!
bazel not found
......................................................................................
Current library: numpy (v1.16.2)
Knowledge base: {'library': {'tensorflow': [('1.14', 'yes', ['61817557', '62225269'])]}, 'hardware': {}, 'programming_language': {'python': [('3.7.3', 'yes', ['56811337', '55989681']), ('2', 'yes', ['68886571'])]}, 'operating_system': {}, 'tool': {}}
......................................................................................
Current library: scipy (v1.2.1)
Knowledge base: {'library': {}, 'hardware': {}, 'programming_language': {}, 'operating_system': {}, 'tool': {}}
......................................................................................
Current library: tensorflow (v1.13.1)
Knowledge base: {'library': {}, 'hardware': {'cuda': [('10', 'yes', ['59982603', '55835626', '57681865', '63591721']), ('10.1', 'yes', ['55340017', '55835626']), ('10.1', 'no', ['55392598', '55026935', '55028122'])]}, 'programming_language': {'python': [('3.7.3', 'yes', ['56893796'])]}, 'operating_system': {'ubuntu': [('18.04.2', 'yes', ['57022645'])]}, 'tool': {}}
--------------------------------DC ISSUE-----------------------------------------
ERROR: Local tensorflow (v1.13.1) is not compatible with cuda (v11.2) (0)
-----------------------------------END-------------------------------------------
--------------------------------DC ISSUE-----------------------------------------
ERROR: Local tensorflow (v1.13.1) may not be compatible with ubuntu (v18.04.1) (1)
Recommand StackOverflow Posts: 
https://stackoverflow.com/questions/57022645
-----------------------------------END-------------------------------------------
