/data/home/zzk/workspace/zzk/Benchmark/projects/QANet/config.py
/data/home/zzk/workspace/zzk/Benchmark/projects/QANet/util.py
/data/home/zzk/workspace/zzk/Benchmark/projects/QANet/model.py
/data/home/zzk/workspace/zzk/Benchmark/projects/QANet/prepro.py
/data/home/zzk/workspace/zzk/Benchmark/projects/QANet/evaluate-v1.1.py
/data/home/zzk/workspace/zzk/Benchmark/projects/QANet/main.py
/data/home/zzk/workspace/zzk/Benchmark/projects/QANet/demo.py
/data/home/zzk/workspace/zzk/Benchmark/projects/QANet/layers.py
Not in virtualenv
cuDNN not found!
bazel not found
numpy is not installed in local
tqdm is not installed in local
bottle is not installed in local
......................................................................................
Current library: tensorflow (v1.5)
Knowledge base: {'library': {'keras': [('2.2.4', 'yes', ['53617072'])]}, 'hardware': {'cudnn': [('7.0.4', 'yes', ['49465509'])], 'cuda': [('8', 'yes', ['51518679', '47195590', '51229506'])]}, 'programming_language': {'python': [('3.5', 'yes', ['60526751'])]}, 'operating_system': {}, 'tool': {}}
--------------------------------DC ISSUE-----------------------------------------
cudnn is not installed in local, the recommended version is ['7.0.4']
-----------------------------------END-------------------------------------------
--------------------------------DC ISSUE-----------------------------------------
ERROR: Local tensorflow (v1.5) is not compatible with cuda (v11.2) (0)
-----------------------------------END-------------------------------------------
--------------------------------DC ISSUE-----------------------------------------
ERROR: Local tensorflow (v1.5) may not be compatible with python (v3.6) (1)
Recommand StackOverflow Posts: 
https://stackoverflow.com/questions/60526751
-----------------------------------END-------------------------------------------
