/data/home/zzk/workspace/zzk/Benchmark/projects/text-classification-cnn-rnn/predict.py
/data/home/zzk/workspace/zzk/Benchmark/projects/text-classification-cnn-rnn/rnn_model.py
/data/home/zzk/workspace/zzk/Benchmark/projects/text-classification-cnn-rnn/run_rnn.py
/data/home/zzk/workspace/zzk/Benchmark/projects/text-classification-cnn-rnn/run_cnn.py
/data/home/zzk/workspace/zzk/Benchmark/projects/text-classification-cnn-rnn/cnn_model.py
/data/home/zzk/workspace/zzk/Benchmark/projects/text-classification-cnn-rnn/data/__init__.py
/data/home/zzk/workspace/zzk/Benchmark/projects/text-classification-cnn-rnn/data/cnews_loader.py
/data/home/zzk/workspace/zzk/Benchmark/projects/text-classification-cnn-rnn/helper/__init__.py
/data/home/zzk/workspace/zzk/Benchmark/projects/text-classification-cnn-rnn/helper/cnews_group.py
Not in virtualenv
cuDNN not found!
bazel not found
scikit-learn is not installed in local
scipy is not installed in local
numpy is not installed in local
......................................................................................
Current library: tensorflow (v1.3)
Knowledge base: {'library': {}, 'hardware': {'cudnn': [('64', 'yes', ['43566341', '46080926', '45779371']), ('7', 'no', ['58382360'])], 'cuda': [('9', 'no', ['46689778', '58382360', '47008832']), ('8', 'yes', ['46189616', '46778006', '46940714', '47008832'])]}, 'programming_language': {}, 'operating_system': {}, 'tool': {'bazel': [('0.13.1', 'yes', ['50518061']), ('0.5.1', 'yes', ['50518061'])]}}
--------------------------------DC ISSUE-----------------------------------------
cudnn is not installed in local, the recommended version is ['64']
-----------------------------------END-------------------------------------------
--------------------------------DC ISSUE-----------------------------------------
ERROR: Local tensorflow (v1.3) is not compatible with cuda (v11.2) (0)
-----------------------------------END-------------------------------------------
