current post: 41507724
('python 2.7', 'tensorflow 10', 'yes')
('python 2.7', 'tensorflow 12', 'yes')
('python 3.5', 'tensorflow 12', 'yes')
------------------
current post: 2269785
('numpy 1.5', 'python 3', 'yes')
('python 3.1', 'scipy 0.10', 'yes')
------------------
current post: 4298296
('numpy 1.5', 'python 3', 'yes')
------------------
current post: 4662284
('numpy 1.5', 'python 3', 'yes')
------------------
current post: 7818845
('numpy 1.5', 'python 3', 'yes')
------------------
current post: 59946299
('cudnn 10', 'tensorflow 1.14', 'yes')
('cudnn 7.4', 'tensorflow 1.14', 'yes')
------------------
current post: 66171167
('cudnn 7.4', 'tensorflow 1.14', 'yes')
------------------
current post: 7597107
('fftw 3.1.2', 'scipy 0.7', 'no')
('fftw 3.1.2', 'numpy 1.2', 'no')
('numpy 1.2', 'scipy 0.7', 'no')
------------------
current post: 54551052
------------------
current post: 1677657
('numpy 1.3', 'python 2.6', 'yes')
------------------
current post: 50407644
('python 3.6.5', 'ubuntu 16.04.4', 'yes')
('python 3.5.2', 'ubuntu 16.04.4', 'yes')
------------------
current post: 61718707
('python 3.8', 'ubuntu 18.04', 'yes')
('python 3.8', 'ubuntu 20.04', 'yes')
------------------
current post: 65872220
('python 3.8', 'ubuntu 18.04', 'yes')
------------------
current post: 41310489
('python 2.7', 'ubuntu 16.04.1', 'yes')
('python 3', 'ubuntu 18.04', 'yes')
('python 2', 'ubuntu 18.04', 'yes')
------------------
current post: 46892946
('flask 0.12', 'python 3.5.2', 'yes')
('flask 0.12', 'ubuntu 16.04', 'yes')
('python 3.5.2', 'ubuntu 16.04', 'yes')
------------------
current post: 66864505
('tensorflow 2.4.1', 'tensorflow-core-platform 0.3.1', 'yes')
('tensorflow 2.4.1', 'tensorflow-core-platform 0.3', 'yes')
('tensorflow 1', 'tensorflow-core-platform 0.3.1', 'no')
('tensorflow 1', 'tensorflow-core-platform 0.3', 'no')
('tensorflow 2', 'tensorflow-core-platform 0.3.1', 'yes')
('tensorflow 2', 'tensorflow-core-platform 0.3', 'yes')
------------------
current post: 35467230
('windows 7', 'wxpython 3.0.2', 'yes')
('python 2.7', 'wxpython 3.0.2', 'yes')
('python 2.7', 'windows 7', 'yes')
------------------
current post: 214601
('python 3', 'ubuntu 8.04', 'no')
('python 2.3', 'ubuntu 8.04', 'yes')
('python 2', 'ubuntu 8.04', 'yes')
('python 2.5', 'ubuntu 8.04', 'yes')
('python 2.8', 'ubuntu 10.04', 'yes')
('python 2', 'ubuntu 10.04', 'yes')
------------------
current post: 4394650
('python 2.6.6', 'ubuntu 10.10', 'yes')
------------------
current post: 4550121
('python 2.6.6', 'ubuntu 10.10', 'yes')
------------------
current post: 5968851
('python 2.6.6', 'ubuntu 10.10', 'yes')
------------------
current post: 52044176
('keras 2.2', 'python 2.7.2', 'yes')
('keras 2.2', 'tensorflow 1.10', 'yes')
('python 2.7.2', 'tensorflow 1.10', 'yes')
------------------
current post: 55238537
('cuda 10', 'cudnn 7.5', 'yes')
------------------
current post: 61979969
('cuda 10', 'cudnn 7.5', 'yes')
------------------
current post: 59415928
('cudnn 7.5', 'tensorflow 2', 'yes')
('cuda 10', 'tensorflow 2', 'yes')
('cuda 10', 'cudnn 7.5', 'yes')
------------------
current post: 42356998
('python 3.6', 'tensorflow 1.2', 'yes')
------------------
current post: 45579151
('python 3.6', 'windows 64', 'yes')
('python 64', 'windows 64', 'yes')
('python 3.5', 'tensorflow 1.2', 'yes')
('python 3.6', 'tensorflow 1.2', 'yes')
------------------
current post: 7939259
------------------
current post: 61817557
('numpy 1.16.4', 'tensorflow 1.14', 'yes')
('numpy 1.17.2', 'tensorflow 1.14', 'no')
------------------
current post: 417674
('numpy 1.2.1', 'python 2.6', 'yes')
------------------
current post: 44950522
('cuda 8', 'ubuntu 17.04', 'yes')
------------------
current post: 45908511
('gcc 5.3.1', 'ubuntu 17.04', 'yes')
('cuda 8', 'gcc 5.3.1', 'yes')
('cuda 9', 'ubuntu 17.04', 'yes')
('cuda 9', 'gcc 6.3', 'yes')
('cuda 8', 'ubuntu 17.04', 'yes')
('gcc 6.3', 'ubuntu 17.04', 'yes')
('cuda 8', 'gcc 6.3', 'no')
------------------
current post: 2775417
('python 2.4.5', 'ubuntu 8.04', 'yes')
('python 2.4', 'ubuntu 8.04', 'yes')
------------------
current post: 58382360
('cuda 9', 'cudnn 7', 'no')
('cudnn 7', 'tensorflow 1.3', 'no')
('cuda 9', 'tensorflow 1.3', 'no')
------------------
current post: 53727997
('cuda 9', 'cudnn 7.1.4', 'yes')
('cudnn 7.1.4', 'tensorflow 1.12', 'yes')
('cuda 9', 'tensorflow 1.12', 'yes')
('tensorflow 2', 'ubuntu 18.04', 'yes')
('cuda 10', 'tensorflow 2', 'yes')
('cudnn 7.6', 'tensorflow 2', 'yes')
('cuda 10', 'cudnn 7.6', 'yes')
------------------
current post: 49465509
('cuda 9', 'cudnn 7.0.4', 'yes')
('cudnn 7.0.4', 'tensorflow 1.5', 'yes')
('cuda 9', 'tensorflow 1.5', 'yes')
('tensorflow 1.5', 'ubuntu 16.04', 'yes')
('cudnn 7.0.4', 'ubuntu 16.04', 'yes')
('cuda 9', 'ubuntu 16.04', 'yes')
('cuda 8', 'cudnn 7.0.4', 'yes')
('cuda 9', 'cudnn 7', 'yes')
------------------
current post: 50053286
('python 3.6.4', 'ubuntu 16', 'yes')
('python 2.7.10', 'ubuntu 16', 'yes')
('python 3.5.2', 'ubuntu 16', 'yes')
('python 3.6.2', 'ubuntu 16', 'yes')
('python 3.5.4', 'ubuntu 16', 'yes')
------------------
current post: 34491273
('cuda 7.5', 'tensorflow 0.6', 'no')
('cudnn 4', 'tensorflow 0.6', 'no')
('cudnn 3', 'tensorflow 0.6', 'no')
------------------
current post: 58143787
('cuda 11', 'tensorflow 2.4', 'yes')
('cudnn 8.0.4', 'tensorflow 2.4', 'yes')
('cuda 11', 'cudnn 8.0.4', 'yes')
('cuda 10.1', 'tensorflow 2.3', 'yes')
('cudnn 7.6.5', 'tensorflow 2.3', 'yes')
('cuda 10.1', 'cudnn 7.6.5', 'yes')
('cuda 10.1', 'tensorflow 2.1', 'yes')
('cudnn 7.6.5', 'tensorflow 2.1', 'yes')
('cuda 10', 'tensorflow 2', 'yes')
('cuda 10', 'cudnn 7.6.3', 'yes')
('cudnn 7.6.3', 'tensorflow 2', 'yes')
('cudnn 7.0.5', 'tensorflow 1.10', 'yes')
('cuda 9', 'cudnn 7.0.5', 'yes')
('cuda 9', 'tensorflow 1.10', 'yes')
------------------
current post: 61357131
('cuda 10.1', 'tensorflow 2.1', 'yes')
('cudnn 7.6.5', 'tensorflow 2.1', 'yes')
('cuda 10.1', 'cudnn 7.6.5', 'yes')
------------------
current post: 63102518
('cuda 10.1', 'cudnn 7.6.5', 'yes')
('python 3.7', 'tensorflow 2', 'yes')
------------------
current post: 63440029
('cuda 10.1', 'cudnn 7.6.5', 'yes')
------------------
current post: 65101591
('cuda 10.1', 'cudnn 7.6.5', 'yes')
('cuda 10.1', 'cudnn 7.6', 'yes')
('cuda 10.1', 'tensorflow 2.3.1', 'yes')
('cuda 10.1', 'python 3.8', 'yes')
('cudnn 7.6', 'tensorflow 2.3.1', 'yes')
('cudnn 7.6', 'python 3.8', 'yes')
('python 3.8', 'tensorflow 2.3.1', 'yes')
------------------
current post: 38055383
------------------
current post: 50622526
('cuda 9', 'tensorflow 1.12', 'yes')
('cudnn 7.1.4', 'tensorflow 1.12', 'yes')
('cuda 9', 'cudnn 7.1.4', 'yes')
------------------
current post: 47654025
('tensorboard 0.4', 'tensorflow 1.4', 'yes')
------------------
current post: 49321789
('python 3.4', 'wxpython 4', 'yes')
('python 2.7', 'wxpython 4', 'yes')
------------------
current post: 49283127
('debian 9.3', 'tensorflow 1.6', 'yes')
('cuda 9', 'debian 9.3', 'yes')
('cuda 9', 'tensorflow 1.6', 'yes')
------------------
current post: 40899749
('cuda 8', 'windows 10', 'yes')
('tensorflow 0.12', 'windows 10', 'yes')
('python 3.5.2', 'windows 10', 'yes')
('cuda 8', 'tensorflow 0.12', 'yes')
('cuda 8', 'python 3.5.2', 'yes')
('python 3.5.2', 'tensorflow 0.12', 'yes')
------------------
current post: 67923439
('pandas 0.18.1', 'python 3.5', 'yes')
('numpy 1.11.1', 'python 3.5', 'yes')
('pandas 0.18.1', 'python 3.6', 'no')
('numpy 1.11.1', 'python 3.6', 'no')
------------------
current post: 39090014
('cudnn 5.1', 'ubuntu 14.04', 'yes')
('cuda 8', 'ubuntu 14.04', 'yes')
('cuda 8', 'cudnn 5.1', 'yes')
------------------
current post: 14442107
('numpy 1.6.2', 'python 3.3', 'no')
('numpy 1.6.2', 'python 3.2.3', 'yes')
('numpy 1.7', 'python 3.2.3', 'yes')
------------------
current post: 63530619
('gzip 1.5', 'python 3.6.8', 'yes')
------------------
current post: 64458576
('cuda 11', 'ubuntu 20.4', 'yes')
('tensorflow 2.3', 'ubuntu 20.4', 'yes')
('cuda 11', 'tensorflow 2.3', 'yes')
('cuda 10.1', 'cudnn 8', 'yes')
('cuda 10.1', 'ubuntu 20.04', 'yes')
('cudnn 8', 'ubuntu 20.04', 'yes')
('cuda 11', 'cudnn 8', 'yes')
('cuda 11', 'ubuntu 20.04', 'yes')
------------------
current post: 54886203
------------------
current post: 54955702
------------------
current post: 55340017
('cuda 10.1', 'tensorflow 1.13', 'yes')
------------------
current post: 55835626
('cuda 10', 'tensorflow 1.13', 'yes')
------------------
current post: 55028552
('cuda 10.1', 'tensorflow 1.13', 'no')
------------------
current post: 45703036
('numpy 1.13.1', 'scipy 1.19.1', 'no')
('numpy 1.8.1', 'scipy 1.19.1', 'no')
------------------
current post: 47974243
('pandas 0.20.3', 'python 3.5.2', 'yes')
------------------
current post: 61703923
------------------
current post: 68886571
('numpy 1.16.5', 'python 3', 'yes')
('emr 5.31', 'python 3', 'yes')
('emr 5.31', 'numpy 1.16.5', 'yes')
('emr 5.31', 'python 2', 'no')
------------------
current post: 13062766
('cuda 5', 'ubuntu 12.10', 'yes')
('cuda 5', 'ubuntu 12', 'no')
------------------
current post: 15647164
('cuda 5', 'ubuntu 11', 'yes')
('cuda 5', 'ubuntu 12.10', 'yes')
------------------
current post: 62225269
('numpy 1.16.4', 'tensorflow 1.14', 'yes')
('keras 2.2.5', 'tensorflow 1.14', 'yes')
('keras 2.2.5', 'numpy 1.16.4', 'yes')
------------------
current post: 53345147
------------------
current post: 63428708
('python 3.7', 'tensorflow 2.3', 'no')
('python 3.8', 'tensorflow 2.3', 'no')
('python 3.7', 'tensorflow 2.1', 'yes')
('python 3.8', 'tensorflow 2.1', 'yes')
------------------
current post: 42733611
------------------
current post: 56893796
('python 3.7.3', 'tensorflow 1.13.1', 'yes')
------------------
current post: 65432123
('cuda 10.1', 'tensorflow 1', 'no')
('cuda 10.1', 'tensorflow 1.15', 'no')
('cuda 11', 'tensorflow 2.4', 'yes')
------------------
current post: 65548441
('cuda 11', 'tensorflow 2.4', 'yes')
('cuda 10.1', 'cudnn 7.6', 'yes')
('cuda 10.1', 'tensorflow 2.3', 'yes')
('cudnn 7.6', 'tensorflow 2.3', 'yes')
------------------
current post: 65737458
('cuda 11', 'cudnn 8', 'yes')
('cudnn 8', 'tensorflow 2.4', 'yes')
('cuda 11', 'tensorflow 2.4', 'yes')
------------------
current post: 66669925
('cuda 11', 'cudnn 8', 'yes')
('cudnn 8', 'tensorflow 2.4', 'yes')
('cuda 11', 'tensorflow 2.4', 'yes')
------------------
current post: 66669998
('cuda 11', 'cudnn 8', 'yes')
('cudnn 8', 'tensorflow 2.4', 'yes')
('cuda 11', 'tensorflow 2.4', 'yes')
------------------
current post: 67986815
('cuda 11', 'tensorflow 2.4', 'yes')
('cuda 11', 'tensorflow 2.5', 'yes')
------------------
current post: 6426841
('python 2.6', 'wxpython 2.8.10', 'yes')
------------------
current post: 49430706
('keras 2.1.5', 'tensorflow 1.6', 'yes')
------------------
current post: 44973235
('coremltools 0.4', 'keras 2', 'yes')
------------------
current post: 56811337
('numpy 1.16.2', 'python 3.7.3', 'yes')
------------------
current post: 55989681
('python 3.7.3', 'windows 10', 'yes')
('numpy 1.16.2', 'python 3.7.3', 'yes')
('numpy 1.16.2', 'windows 10', 'yes')
------------------
current post: 58009133
('python 3.6.8', 'ubuntu 18.04.3', 'yes')
------------------
current post: 65619544
('cuda 10', 'debian 9', 'yes')
('cuda 11', 'tensorflow 1', 'no')
('debian 10', 'tensorflow 1', 'yes')
('cuda 11', 'tensorflow 1.15', 'no')
('cuda 11', 'debian 10', 'no')
('debian 10', 'tensorflow 1.15', 'yes')
------------------
current post: 28271244
('python 2.7.6', 'ubuntu 14.04', 'yes')
('python 3.4', 'ubuntu 14.04', 'yes')
------------------
current post: 43650802
('python 2.7.6', 'ubuntu 14.04', 'yes')
------------------
current post: 23529790
('python 2.7.6', 'ubuntu 14.04', 'yes')
------------------
current post: 23676364
------------------
current post: 44482203
------------------
current post: 67701963
('python 3.7.10', 'tensorflow 2.4.1', 'yes')
------------------
current post: 6622751
('cuda 4.1', 'gcc 4.6', 'no')
('cuda 4.1', 'gcc 4.7', 'no')
('cuda 4.1', 'gcc 4.5', 'yes')
('cuda 5', 'gcc 4.6', 'yes')
('cuda 5', 'gcc 4.7', 'no')
('cuda 6', 'gcc 4.7', 'yes')
('gcc 4.8', 'ubuntu 14.04', 'yes')
('cuda 7', 'gcc 4.8', 'yes')
('cuda 7', 'ubuntu 14.04', 'yes')
('cuda 7.5', 'gcc 4.8', 'yes')
('cuda 7.5', 'ubuntu 14.04', 'yes')
('gcc 5.3', 'ubuntu 16.06', 'yes')
('cuda 8', 'ubuntu 16.06', 'yes')
('cuda 8', 'gcc 5.3', 'yes')
('gcc 6', 'ubuntu 17.04', 'yes')
('cuda 9', 'ubuntu 17.04', 'yes')
('cuda 9', 'gcc 6', 'yes')
('gcc 6', 'ubuntu 16.04', 'yes')
('cuda 9', 'ubuntu 16.04', 'yes')
('cuda 9.2', 'gcc 7', 'yes')
('cuda 10.1', 'gcc 8', 'yes')
('cuda 10.2', 'gcc 8', 'yes')
('gcc 9', 'ubuntu 20.04', 'yes')
('cuda 11', 'gcc 9', 'yes')
('cuda 11', 'ubuntu 20.04', 'yes')
('cuda 11.1', 'gcc 10', 'yes')
('cuda 11.1', 'gcc 9', 'yes')
------------------
current post: 54922009
('cuda 9', 'cudnn 7.3.1', 'yes')
('cuda 9', 'cudnn 7.1.2', 'yes')
('cuda 7', 'cudnn 7.0.3', 'yes')
('cuda 9.1', 'cudnn 7.3.1', 'yes')
('cuda 9.1', 'cudnn 7.1.2', 'yes')
('cuda 9.1', 'cudnn 7.0.3', 'no')
('cudnn 7', 'tensorflow 1.4', 'yes')
('cudnn 9', 'tensorflow 1.4', 'no')
('cudnn 9', 'tensorflow 1.7', 'yes')
------------------
current post: 1469525
('gcc 4.3.2', 'python 2.5.2', 'yes')
------------------
current post: 24843218
------------------
current post: 28783870
------------------
current post: 49972135
------------------
current post: 61589848
------------------
current post: 9183597
('python 2.7.2', 'windows 7', 'yes')
------------------
current post: 9620048
------------------
current post: 13436167
------------------
current post: 24064783
------------------
current post: 62459481
('airflow 1.10.10', 'python 3.7', 'yes')
('airflow 1.10.10', 'python 3.8', 'no')
('python 3.8', 'ubuntu 20.04', 'yes')
------------------
current post: 7487249
('python 2.5', 'ubuntu 8.04', 'yes')
------------------
current post: 40261728
('cuda 8', 'cudnn 5.1', 'yes')
('cudnn 5.1', 'ubuntu 16.04', 'yes')
('cuda 8', 'ubuntu 16.04', 'yes')
------------------
current post: 410213
('python 2.5.2', 'ubuntu 8.10', 'yes')
------------------
current post: 6512887
('cuda 4', 'ubuntu 11.04', 'yes')
------------------
current post: 18719234
('flask 0.9', 'python 3.3', 'no')
------------------
current post: 66066262
('coremltools 4.1', 'tensorflow 2.4.1', 'yes')
('python 3.8.7', 'tensorflow 2.4.1', 'yes')
('coremltools 4.1', 'python 3.8.7', 'yes')
------------------
current post: 40797568
------------------
current post: 67471798
('cuda 11.1', 'pytorch 1.8.1', 'yes')
------------------
current post: 40981144
('python 2.7', 'ubuntu 14.04', 'yes')
------------------
current post: 41971754
('python 2.7', 'ubuntu 14.04', 'yes')
------------------
current post: 29394684
('python 2.7', 'ubuntu 14.04', 'yes')
------------------
current post: 35139786
('python 3.6', 'ubuntu 16.04', 'yes')
('python 2.7', 'ubuntu 14.04', 'yes')
------------------
current post: 36027029
('python 2.7', 'ubuntu 14.04', 'yes')
------------------
current post: 41092808
------------------
current post: 33202506
------------------
current post: 60526751
('python 3.5', 'tensorflow 1.5', 'yes')
------------------
current post: 3173790
------------------
current post: 65795196
('tensorflow 1.15', 'tfds 4', 'no')
------------------
current post: 60530736
('blender 2.81', 'python 3.7', 'yes')
------------------
current post: 50311325
('cuda 9', 'ubuntu 16.04', 'yes')
('cuda 8', 'tensorflow 1.8', 'yes')
------------------
current post: 51782716
('cuda 8', 'tensorflow 1.8', 'yes')
------------------
current post: 4050558
('python 2.6', 'ubuntu 6', 'yes')
('python 2.6', 'ubuntu 10.04', 'yes')
------------------
current post: 979881
------------------
current post: 40815512
('jetpack 2.3', 'ubuntu 16.04', 'yes')
------------------
current post: 46940714
('cuda 8', 'cudnn 6', 'yes')
('cudnn 6', 'tensorflow 1.3', 'yes')
('cudnn 6', 'python 3.5.2', 'yes')
('cuda 8', 'tensorflow 1.3', 'yes')
('cuda 8', 'python 3.5.2', 'yes')
('python 3.5.2', 'tensorflow 1.3', 'yes')
('cuda 8', 'tensorflow 1.2.1', 'yes')
('cudnn 5.1', 'tensorflow 1.2.1', 'yes')
('python 3.5.2', 'tensorflow 1.2.1', 'yes')
('cuda 8', 'cudnn 5.1', 'yes')
('cudnn 5.1', 'python 3.5.2', 'yes')
------------------
current post: 21075523
('cuda 5.5', 'gcc 4.7', 'yes')
------------------
current post: 57734033
('numpy 1.17.1', 'python 3', 'yes')
('numpy 1.14.6', 'python 3', 'yes')
('numpy 1.17.1', 'python 2', 'no')
('numpy 1.14.6', 'python 2', 'no')
------------------
current post: 53557408
('keras 2.0.8', 'tensorflow 1.4', 'yes')
('cuda 9', 'keras 2.2.4', 'yes')
('cuda 9', 'tensorflow 1.11', 'yes')
('keras 2.2.4', 'tensorflow 1.11', 'yes')
------------------
