/data/home/zzk/workspace/zzk/Benchmark/projects/tensorflow-deeplab-v3-plus/export_inference_graph.py
/data/home/zzk/workspace/zzk/Benchmark/projects/tensorflow-deeplab-v3-plus/create_pascal_tf_record.py
/data/home/zzk/workspace/zzk/Benchmark/projects/tensorflow-deeplab-v3-plus/inference.py
/data/home/zzk/workspace/zzk/Benchmark/projects/tensorflow-deeplab-v3-plus/evaluate.py
/data/home/zzk/workspace/zzk/Benchmark/projects/tensorflow-deeplab-v3-plus/train.py
/data/home/zzk/workspace/zzk/Benchmark/projects/tensorflow-deeplab-v3-plus/deeplab_model.py
/data/home/zzk/workspace/zzk/Benchmark/projects/tensorflow-deeplab-v3-plus/create_cityscapes_tf_record.py
/data/home/zzk/workspace/zzk/Benchmark/projects/tensorflow-deeplab-v3-plus/utils/dataset_util.py
/data/home/zzk/workspace/zzk/Benchmark/projects/tensorflow-deeplab-v3-plus/utils/preprocessing.py
/data/home/zzk/workspace/zzk/Benchmark/projects/tensorflow-deeplab-v3-plus/utils/__init__.py
Not in virtualenv
cuDNN not found!
bazel not found
numpy is not installed in local
......................................................................................
Current library: tensorflow (v1.12.0)
Knowledge base: {'library': {}, 'hardware': {'cuda': [('10.1', 'no', ['56426255']), ('9', 'yes', ['50622526', '53345147', '53727997', '55782472', '53596618', '55392598', '53457472', '60077642'])], 'cudnn': [('7.3', 'yes', ['53457472']), ('7.1.4', 'yes', ['50622526', '53727997'])]}, 'programming_language': {}, 'operating_system': {'ubuntu': [('18.04', 'no', ['53345147'])]}, 'tool': {}}
--------------------------------DC ISSUE-----------------------------------------
ERROR: Local tensorflow (v1.12.0) is not compatible with cuda (v11.2) (0)
-----------------------------------END-------------------------------------------
--------------------------------DC ISSUE-----------------------------------------
cudnn is not installed in local, the recommended version is ['7.3', '7.1.4']
-----------------------------------END-------------------------------------------
--------------------------------DC ISSUE-----------------------------------------
ERROR: Local tensorflow (v1.12.0) is not compatible with ubuntu (v18.04.1) (2)
Recommand StackOverflow Posts: 
https://stackoverflow.com/questions/53345147
-----------------------------------END-------------------------------------------
matplotlib is not installed in local
opencv-python is not installed in local
pillow is not installed in local
++++++++++++++++++++++++++++API CHECK++++++++++++++++++++++++++++
......................................................................................
Current API: shutil.rmtree
Knowledge base: {'library': {}, 'hardware': {}, 'programming_language': {'python': [('2', 'yes', ['48738480'])]}, 'operating_system': {}, 'tool': {}}
......................................................................................
Current API: np.array
Knowledge base: {'library': {'numpy': [('0.325', 'yes', ['67695754']), ('8.99849401', 'yes', ['46085625']), ('21.87729639', 'yes', ['46085625'])]}, 'hardware': {}, 'programming_language': {'python': [('3', 'no', ['3877247'])]}, 'operating_system': {}, 'tool': {}}
--------------------------------DC ISSUE-----------------------------------------
ERROR: Local np.array is not compatible with python (v3.6) (2)
Recommand StackOverflow Posts: 
https://stackoverflow.com/questions/3877247
-----------------------------------END-------------------------------------------
......................................................................................
Current API: os.path
Knowledge base: {'library': {}, 'hardware': {}, 'programming_language': {'python': [('3.5', 'yes', ['37095733']), ('2.7', 'yes', ['3430395']), ('3', 'yes', ['3430395', '4119176', '44661513']), ('3.4', 'no', ['45223014', '51149057'])]}, 'operating_system': {}, 'tool': {}}
--------------------------------DC ISSUE-----------------------------------------
ERROR: Local os.path is not compatible with python (v3.6) (3)
-----------------------------------END-------------------------------------------
......................................................................................
Current API: timeit.default_timer
Knowledge base: {'library': {}, 'hardware': {}, 'programming_language': {'python': [('3.3', 'no', ['25823885'])]}, 'operating_system': {}, 'tool': {}}
......................................................................................
Current API: os.path.isdir
Knowledge base: {'library': {}, 'hardware': {}, 'programming_language': {'python': [('3', 'yes', ['44661513'])]}, 'operating_system': {}, 'tool': {}}
--------------------------------DC ISSUE-----------------------------------------
ERROR: os.path.isdir may not be compatible with python (v3.6) (1)
Recommand StackOverflow Posts: 
https://stackoverflow.com/questions/44661513
-----------------------------------END-------------------------------------------
......................................................................................
Current API: glob.glob
Knowledge base: {'library': {}, 'hardware': {}, 'programming_language': {'python': [('3', 'yes', ['44661513', '48393588']), ('3.5', 'no', ['37173091', '44661513'])]}, 'operating_system': {}, 'tool': {}}
--------------------------------DC ISSUE-----------------------------------------
ERROR: Local glob.glob is not compatible with python (v3.6) (3)
-----------------------------------END-------------------------------------------
--------------------------------DC ISSUE-----------------------------------------
ERROR: Local glob.glob may not be compatible with python (v3.6) (4)
-----------------------------------END-------------------------------------------
......................................................................................
Current API: tf.data
Knowledge base: {'library': {'tensorflow': [('1.5', 'yes', ['46732695'])]}, 'hardware': {}, 'programming_language': {}, 'operating_system': {}, 'tool': {}}
......................................................................................
Current API: os.path.splitext
Knowledge base: {'library': {}, 'hardware': {}, 'programming_language': {'python': [('3', 'no', ['541394'])]}, 'operating_system': {}, 'tool': {}}
--------------------------------DC ISSUE-----------------------------------------
ERROR: Local os.path.splitext is not compatible with python (v3.6) (2)
Recommand StackOverflow Posts: 
https://stackoverflow.com/questions/541394
-----------------------------------END-------------------------------------------
......................................................................................
Current API: tf.shape
Knowledge base: {'library': {'tensorflow': [('1.8', 'yes', ['50414384']), ('r1.1', 'yes', ['43883326'])]}, 'hardware': {}, 'programming_language': {}, 'operating_system': {}, 'tool': {}}
......................................................................................
Current API: os.makedirs
Knowledge base: {'library': {}, 'hardware': {}, 'programming_language': {'python': [('3.5', 'no', ['48987444'])]}, 'operating_system': {}, 'tool': {}}
......................................................................................
Current API: os.path.exists
Knowledge base: {'library': {}, 'hardware': {}, 'programming_language': {'python': [('3', 'yes', ['44661513']), ('2', 'no', ['44661513'])]}, 'operating_system': {}, 'tool': {}}
--------------------------------DC ISSUE-----------------------------------------
ERROR: Local os.path.exists is not compatible with python (v3.6) (3)
-----------------------------------END-------------------------------------------
......................................................................................
Current API: model.evaluate
Knowledge base: {'library': {'tensorflow': [('2.2', 'yes', ['62144660'])]}, 'hardware': {}, 'programming_language': {}, 'operating_system': {}, 'tool': {}}
......................................................................................
Current API: np.where
Knowledge base: {'library': {'pandas': [('1.1.2', 'yes', ['64273727'])]}, 'hardware': {}, 'programming_language': {'python': [('0', 'no', ['9516304']), ('3', 'no', ['9516304'])]}, 'operating_system': {}, 'tool': {}}
......................................................................................
Current API: tf.map_fn
Knowledge base: {'library': {'tensorflow': [('1.1', 'yes', ['44678973'])]}, 'hardware': {}, 'programming_language': {}, 'operating_system': {}, 'tool': {}}
......................................................................................
Current API: tf.metrics
Knowledge base: {'library': {'tensorflow': [('2', 'yes', ['57930659'])]}, 'hardware': {}, 'programming_language': {}, 'operating_system': {}, 'tool': {}}
......................................................................................
Current API: np.zeros
Knowledge base: {'library': {'numpy': [('3.95', 'yes', ['44866614'])]}, 'hardware': {}, 'programming_language': {}, 'operating_system': {}, 'tool': {}}
......................................................................................
Current API: tensorflow.python
Knowledge base: {'library': {'tensorflow': [('2.6', 'no', ['68905818']), ('2.7', 'no', ['68905818'])]}, 'hardware': {}, 'programming_language': {}, 'operating_system': {}, 'tool': {}}
......................................................................................
Current API: dataset.batch
Knowledge base: {'library': {'tensorflow': [('2', 'yes', ['59734474'])]}, 'hardware': {}, 'programming_language': {}, 'operating_system': {}, 'tool': {}}
......................................................................................
Current API: tf.image.resize_bilinear
Knowledge base: {'library': {'tensorflow': [('1.12', 'yes', ['54903538'])]}, 'hardware': {}, 'programming_language': {}, 'operating_system': {}, 'tool': {}}
......................................................................................
Current API: tensorflow.contrib
Knowledge base: {'library': {'tensorflow': [('2', 'no', ['55524156'])]}, 'hardware': {}, 'programming_language': {}, 'operating_system': {}, 'tool': {}}
......................................................................................
Current API: tf.contrib
Knowledge base: {'library': {'tensorflow': [('0.12.1', 'yes', ['41638676']), ('1', 'no', ['59130063', '55872941', '61628580', '58607239']), ('2', 'no', ['59130063', '62580933', '53534547', '54360818', '55524156', '55872941', '55911034', '57629649', '59816366', '61628580', '54342829', '58607239', '68784711'])]}, 'hardware': {}, 'programming_language': {}, 'operating_system': {}, 'tool': {}}
......................................................................................
Current API: matplotlib.pyplot
Knowledge base: {'library': {}, 'hardware': {}, 'programming_language': {'python': [('3', 'yes', ['52500781']), ('2.7.5', 'yes', ['42448458'])]}, 'operating_system': {}, 'tool': {}}
......................................................................................
Current API: tf.cond
Knowledge base: {'library': {'tensorflow': [('1', 'no', ['67691106']), ('1.4', 'yes', ['47769761'])]}, 'hardware': {}, 'programming_language': {}, 'operating_system': {}, 'tool': {}}
......................................................................................
Current API: tf.py_func
Knowledge base: {'library': {'tensorflow': [('0.9', 'yes', ['38214514'])]}, 'hardware': {}, 'programming_language': {}, 'operating_system': {}, 'tool': {}}
......................................................................................
Current API: tf.split
Knowledge base: {'library': {'tensorflow': [('0.12', 'yes', ['41862548'])]}, 'hardware': {}, 'programming_language': {}, 'operating_system': {}, 'tool': {}}
......................................................................................
Current API: tf.estimator
Knowledge base: {'library': {}, 'hardware': {}, 'programming_language': {}, 'operating_system': {}, 'tool': {}}
......................................................................................
Current API: model.predict
Knowledge base: {'library': {'tensorflow': [('2.2', 'yes', ['62144660'])]}, 'hardware': {}, 'programming_language': {'python': [('3.8', 'yes', ['65467742'])]}, 'operating_system': {}, 'tool': {}}
......................................................................................
Current API: tf.logging
Knowledge base: {'library': {'tensorflow': [('2', 'no', ['55318851'])]}, 'hardware': {}, 'programming_language': {}, 'operating_system': {}, 'tool': {}}
......................................................................................
Current API: np.sum
Knowledge base: {'library': {}, 'hardware': {}, 'programming_language': {'python': [('4.5ms', 'yes', ['66886682'])]}, 'operating_system': {}, 'tool': {}}
......................................................................................
Current API: os.path.join
Knowledge base: {'library': {'tensorflow': [('8', 'no', ['6766266'])]}, 'hardware': {}, 'programming_language': {'python': [('9', 'no', ['47748008']), ('3', 'no', ['6766266']), ('3.4', 'no', ['2909998'])]}, 'operating_system': {}, 'tool': {}}
......................................................................................
Current API: tf.placeholder
Knowledge base: {'library': {'tensorflow': [('2', 'no', ['60316058']), ('1.3', 'yes', ['47051723'])]}, 'hardware': {}, 'programming_language': {}, 'operating_system': {}, 'tool': {}}
......................................................................................
Current API: tf.summary.image
Knowledge base: {'library': {'tensorflow': [('1.4', 'yes', ['47207542'])]}, 'hardware': {}, 'programming_language': {}, 'operating_system': {}, 'tool': {}}
......................................................................................
Current API: tf.image.decode_image
Knowledge base: {'library': {'tensorflow': [('0.12', 'no', ['43113999'])]}, 'hardware': {}, 'programming_language': {}, 'operating_system': {}, 'tool': {}}
......................................................................................
Current API: tf.where
Knowledge base: {'library': {'tensorflow': [('1', 'yes', ['38779798', '67691106'])]}, 'hardware': {}, 'programming_language': {}, 'operating_system': {}, 'tool': {}}
......................................................................................
Current API: saver.restore
Knowledge base: {'library': {'tensorflow': [('0.12', 'no', ['41495299'])]}, 'hardware': {}, 'programming_language': {}, 'operating_system': {}, 'tool': {}}
......................................................................................
Current API: dataset.interleave
Knowledge base: {'library': {'tensorflow': [('2', 'yes', ['59734474'])]}, 'hardware': {}, 'programming_language': {}, 'operating_system': {}, 'tool': {}}
......................................................................................
Current API: sess.run
Knowledge base: {'library': {'tensorflow': [('1', 'yes', ['64942713'])]}, 'hardware': {}, 'programming_language': {}, 'operating_system': {}, 'tool': {}}
